{"contracts/ERC721/MarcChagall.sol":{"l":{"13":3,"17":6,"18":6,"22":1,"27":23,"28":23},"path":"/home/mikich/NFTMarketplace/contracts/ERC721/MarcChagall.sol","s":{"1":3,"2":6,"3":6,"4":1,"5":23,"6":23},"b":{"1":[6,1]},"f":{"1":3,"2":6,"3":1,"4":23},"fnMap":{"1":{"name":"constructor","line":12,"loc":{"start":{"line":12,"column":4},"end":{"line":14,"column":4}}},"2":{"name":"initialize","line":16,"loc":{"start":{"line":16,"column":4},"end":{"line":19,"column":4}}},"3":{"name":"_baseURI","line":21,"loc":{"start":{"line":21,"column":4},"end":{"line":24,"column":4}}},"4":{"name":"safeMint","line":26,"loc":{"start":{"line":26,"column":4},"end":{"line":29,"column":4}}}},"statementMap":{"1":{"start":{"line":13,"column":8},"end":{"line":13,"column":29}},"2":{"start":{"line":17,"column":8},"end":{"line":17,"column":42}},"3":{"start":{"line":18,"column":8},"end":{"line":18,"column":35}},"4":{"start":{"line":22,"column":8},"end":{"line":22,"column":911}},"5":{"start":{"line":27,"column":8},"end":{"line":27,"column":40}},"6":{"start":{"line":28,"column":8},"end":{"line":28,"column":29}}},"branchMap":{"1":{"line":16,"type":"if","locations":[{"start":{"line":16,"column":55},"end":{"line":16,"column":55}},{"start":{"line":16,"column":55},"end":{"line":16,"column":55}}]}}},"contracts/Marketplace/IMarketplace.sol":{"l":{},"path":"/home/mikich/NFTMarketplace/contracts/Marketplace/IMarketplace.sol","s":{},"b":{},"f":{},"fnMap":{},"statementMap":{},"branchMap":{}},"contracts/Marketplace/Marketplace.sol":{"l":{"22":16,"26":14,"31":3,"39":10,"44":9,"45":9,"46":9,"47":9,"53":22,"60":11,"61":10,"67":9,"69":9,"73":4,"74":4,"75":3,"77":2,"78":2,"83":1,"85":1,"87":1,"89":1,"91":1,"95":4,"96":3,"98":2,"104":11,"109":10,"113":9,"114":8,"119":7,"126":7,"127":7,"128":7,"135":3,"137":2,"138":1,"141":2,"142":2,"143":2,"145":2,"147":2,"149":2,"151":2,"152":2,"156":2,"157":2,"159":1,"160":1,"164":2},"path":"/home/mikich/NFTMarketplace/contracts/Marketplace/Marketplace.sol","s":{"1":16,"2":3,"3":10,"4":22,"5":11,"6":10,"7":9,"8":4,"9":4,"10":3,"11":2,"12":2,"13":1,"14":1,"15":1,"16":1,"17":4,"18":3,"19":11,"20":10,"21":9,"22":8,"23":7,"24":7,"25":7,"26":7,"27":3,"28":2,"29":2,"30":2,"31":2,"32":2,"33":2,"34":2,"35":2,"36":2,"37":1,"38":2},"b":{"1":[14,2],"2":[10,1],"3":[9,1],"4":[11,1],"5":[10,1],"6":[9,1],"7":[1,8],"8":[3,1],"9":[2,1],"10":[1,1],"11":[3,1],"12":[2,1],"13":[9,1],"14":[8,1],"15":[7,1],"16":[3,1],"17":[1,1],"18":[1,1]},"f":{"1":16,"2":3,"3":10,"4":22,"5":11,"6":4,"7":4,"8":11,"9":10,"10":3,"11":2,"12":2},"fnMap":{"1":{"name":"onlyNftOwner","line":21,"loc":{"start":{"line":21,"column":4},"end":{"line":27,"column":4}}},"2":{"name":"constructor","line":30,"loc":{"start":{"line":30,"column":4},"end":{"line":32,"column":4}}},"3":{"name":"initialize","line":38,"loc":{"start":{"line":34,"column":4},"end":{"line":48,"column":4}}},"4":{"name":"mint","line":52,"loc":{"start":{"line":52,"column":4},"end":{"line":54,"column":4}}},"5":{"name":"listItem","line":59,"loc":{"start":{"line":56,"column":4},"end":{"line":70,"column":4}}},"6":{"name":"purchaseItem","line":72,"loc":{"start":{"line":72,"column":4},"end":{"line":92,"column":4}}},"7":{"name":"removeListing","line":94,"loc":{"start":{"line":94,"column":4},"end":{"line":99,"column":4}}},"8":{"name":"getTotalPrice","line":101,"loc":{"start":{"line":101,"column":4},"end":{"line":105,"column":4}}},"9":{"name":"createBid","line":108,"loc":{"start":{"line":108,"column":4},"end":{"line":129,"column":4}}},"10":{"name":"acceptBid","line":134,"loc":{"start":{"line":131,"column":4},"end":{"line":153,"column":4}}},"11":{"name":"cancelBid","line":155,"loc":{"start":{"line":155,"column":4},"end":{"line":161,"column":4}}},"12":{"name":"getBids","line":163,"loc":{"start":{"line":163,"column":4},"end":{"line":165,"column":4}}}},"statementMap":{"1":{"start":{"line":22,"column":8},"end":{"line":22,"column":861}},"2":{"start":{"line":31,"column":8},"end":{"line":31,"column":29}},"3":{"start":{"line":39,"column":8},"end":{"line":39,"column":1247}},"4":{"start":{"line":53,"column":8},"end":{"line":53,"column":31}},"5":{"start":{"line":60,"column":8},"end":{"line":60,"column":60}},"6":{"start":{"line":61,"column":8},"end":{"line":61,"column":1814}},"7":{"start":{"line":69,"column":8},"end":{"line":69,"column":50}},"8":{"start":{"line":73,"column":8},"end":{"line":73,"column":43}},"9":{"start":{"line":74,"column":8},"end":{"line":74,"column":49}},"10":{"start":{"line":75,"column":8},"end":{"line":75,"column":76}},"11":{"start":{"line":77,"column":8},"end":{"line":77,"column":54}},"12":{"start":{"line":78,"column":8},"end":{"line":78,"column":2438}},"13":{"start":{"line":85,"column":8},"end":{"line":85,"column":65}},"14":{"start":{"line":87,"column":8},"end":{"line":87,"column":78}},"15":{"start":{"line":89,"column":8},"end":{"line":89,"column":62}},"16":{"start":{"line":91,"column":8},"end":{"line":91,"column":53}},"17":{"start":{"line":95,"column":8},"end":{"line":95,"column":76}},"18":{"start":{"line":96,"column":8},"end":{"line":96,"column":63}},"19":{"start":{"line":104,"column":8},"end":{"line":104,"column":52}},"20":{"start":{"line":109,"column":8},"end":{"line":109,"column":3376}},"21":{"start":{"line":113,"column":8},"end":{"line":113,"column":60}},"22":{"start":{"line":114,"column":8},"end":{"line":114,"column":3567}},"23":{"start":{"line":119,"column":8},"end":{"line":119,"column":50}},"24":{"start":{"line":126,"column":8},"end":{"line":126,"column":63}},"25":{"start":{"line":127,"column":8},"end":{"line":127,"column":51}},"26":{"start":{"line":128,"column":8},"end":{"line":128,"column":53}},"27":{"start":{"line":135,"column":8},"end":{"line":135,"column":50}},"28":{"start":{"line":137,"column":8},"end":{"line":137,"column":4259}},"29":{"start":{"line":141,"column":8},"end":{"line":141,"column":55}},"30":{"start":{"line":142,"column":8},"end":{"line":142,"column":30}},"31":{"start":{"line":145,"column":8},"end":{"line":145,"column":43}},"32":{"start":{"line":147,"column":8},"end":{"line":147,"column":42}},"33":{"start":{"line":149,"column":8},"end":{"line":149,"column":60}},"34":{"start":{"line":151,"column":8},"end":{"line":151,"column":64}},"35":{"start":{"line":156,"column":8},"end":{"line":156,"column":50}},"36":{"start":{"line":157,"column":8},"end":{"line":157,"column":72}},"37":{"start":{"line":159,"column":8},"end":{"line":159,"column":57}},"38":{"start":{"line":164,"column":8},"end":{"line":164,"column":29}}},"branchMap":{"1":{"line":22,"type":"if","locations":[{"start":{"line":22,"column":8},"end":{"line":22,"column":8}},{"start":{"line":22,"column":8},"end":{"line":22,"column":8}}]},"2":{"line":38,"type":"if","locations":[{"start":{"line":38,"column":15},"end":{"line":38,"column":15}},{"start":{"line":38,"column":15},"end":{"line":38,"column":15}}]},"3":{"line":39,"type":"if","locations":[{"start":{"line":39,"column":8},"end":{"line":39,"column":8}},{"start":{"line":39,"column":8},"end":{"line":39,"column":8}}]},"4":{"line":59,"type":"if","locations":[{"start":{"line":59,"column":15},"end":{"line":59,"column":15}},{"start":{"line":59,"column":15},"end":{"line":59,"column":15}}]},"5":{"line":60,"type":"if","locations":[{"start":{"line":60,"column":8},"end":{"line":60,"column":8}},{"start":{"line":60,"column":8},"end":{"line":60,"column":8}}]},"6":{"line":61,"type":"if","locations":[{"start":{"line":61,"column":8},"end":{"line":61,"column":8}},{"start":{"line":61,"column":8},"end":{"line":61,"column":8}}]},"7":{"line":62,"type":"cond-expr","locations":[{"start":{"line":62,"column":12},"end":{"line":62,"column":53}},{"start":{"line":63,"column":16},"end":{"line":63,"column":62}}]},"8":{"line":74,"type":"if","locations":[{"start":{"line":74,"column":8},"end":{"line":74,"column":8}},{"start":{"line":74,"column":8},"end":{"line":74,"column":8}}]},"9":{"line":75,"type":"if","locations":[{"start":{"line":75,"column":8},"end":{"line":75,"column":8}},{"start":{"line":75,"column":8},"end":{"line":75,"column":8}}]},"10":{"line":78,"type":"if","locations":[{"start":{"line":78,"column":8},"end":{"line":78,"column":8}},{"start":{"line":78,"column":8},"end":{"line":78,"column":8}}]},"11":{"line":95,"type":"if","locations":[{"start":{"line":95,"column":8},"end":{"line":95,"column":8}},{"start":{"line":95,"column":8},"end":{"line":95,"column":8}}]},"12":{"line":96,"type":"if","locations":[{"start":{"line":96,"column":8},"end":{"line":96,"column":8}},{"start":{"line":96,"column":8},"end":{"line":96,"column":8}}]},"13":{"line":109,"type":"if","locations":[{"start":{"line":109,"column":8},"end":{"line":109,"column":8}},{"start":{"line":109,"column":8},"end":{"line":109,"column":8}}]},"14":{"line":113,"type":"if","locations":[{"start":{"line":113,"column":8},"end":{"line":113,"column":8}},{"start":{"line":113,"column":8},"end":{"line":113,"column":8}}]},"15":{"line":114,"type":"if","locations":[{"start":{"line":114,"column":8},"end":{"line":114,"column":8}},{"start":{"line":114,"column":8},"end":{"line":114,"column":8}}]},"16":{"line":134,"type":"if","locations":[{"start":{"line":134,"column":15},"end":{"line":134,"column":15}},{"start":{"line":134,"column":15},"end":{"line":134,"column":15}}]},"17":{"line":137,"type":"if","locations":[{"start":{"line":137,"column":8},"end":{"line":137,"column":8}},{"start":{"line":137,"column":8},"end":{"line":137,"column":8}}]},"18":{"line":157,"type":"if","locations":[{"start":{"line":157,"column":8},"end":{"line":157,"column":8}},{"start":{"line":157,"column":8},"end":{"line":157,"column":8}}]}}}}