{"contracts/ERC721/MarcChagall.sol":{"l":{"13":3,"17":6,"18":6,"22":1,"27":13,"28":13},"path":"/home/user/projects/NFTMarketplace/contracts/ERC721/MarcChagall.sol","s":{"1":3,"2":6,"3":6,"4":1,"5":13,"6":13},"b":{"1":[6,1]},"f":{"1":3,"2":6,"3":1,"4":13},"fnMap":{"1":{"name":"constructor","line":12,"loc":{"start":{"line":12,"column":4},"end":{"line":14,"column":4}}},"2":{"name":"initialize","line":16,"loc":{"start":{"line":16,"column":4},"end":{"line":19,"column":4}}},"3":{"name":"_baseURI","line":21,"loc":{"start":{"line":21,"column":4},"end":{"line":24,"column":4}}},"4":{"name":"safeMint","line":26,"loc":{"start":{"line":26,"column":4},"end":{"line":29,"column":4}}}},"statementMap":{"1":{"start":{"line":13,"column":8},"end":{"line":13,"column":29}},"2":{"start":{"line":17,"column":8},"end":{"line":17,"column":42}},"3":{"start":{"line":18,"column":8},"end":{"line":18,"column":35}},"4":{"start":{"line":22,"column":8},"end":{"line":22,"column":838}},"5":{"start":{"line":27,"column":8},"end":{"line":27,"column":40}},"6":{"start":{"line":28,"column":8},"end":{"line":28,"column":29}}},"branchMap":{"1":{"line":16,"type":"if","locations":[{"start":{"line":16,"column":53},"end":{"line":16,"column":53}},{"start":{"line":16,"column":53},"end":{"line":16,"column":53}}]}}},"contracts/Marketplace/IMarketplace.sol":{"l":{},"path":"/home/user/projects/NFTMarketplace/contracts/Marketplace/IMarketplace.sol","s":{},"b":{},"f":{},"fnMap":{},"statementMap":{},"branchMap":{}},"contracts/Marketplace/Marketplace.sol":{"l":{"31":11,"35":10,"39":7,"44":6,"45":6,"46":6,"47":6,"53":12,"60":10,"61":9,"67":8,"68":8,"76":8,"80":4,"81":4,"82":3,"84":2,"85":2,"90":1,"92":1,"94":1,"96":1,"98":1,"102":4,"103":3,"105":2,"111":2},"path":"/home/user/projects/NFTMarketplace/contracts/Marketplace/Marketplace.sol","s":{"1":11,"2":7,"3":12,"4":10,"5":9,"6":8,"7":4,"8":4,"9":3,"10":2,"11":2,"12":1,"13":1,"14":1,"15":1,"16":4,"17":3,"18":2},"b":{"1":[10,1],"2":[6,1],"3":[10,1],"4":[9,1],"5":[8,1],"6":[1,7],"7":[3,1],"8":[2,1],"9":[1,1],"10":[3,1],"11":[2,1]},"f":{"1":11,"2":7,"3":12,"4":10,"5":4,"6":4,"7":2},"fnMap":{"1":{"name":"onlyNftOwner","line":30,"loc":{"start":{"line":30,"column":4},"end":{"line":36,"column":4}}},"2":{"name":"constructor","line":38,"loc":{"start":{"line":38,"column":4},"end":{"line":48,"column":4}}},"3":{"name":"mint","line":52,"loc":{"start":{"line":52,"column":4},"end":{"line":54,"column":4}}},"4":{"name":"listItem","line":59,"loc":{"start":{"line":56,"column":4},"end":{"line":77,"column":4}}},"5":{"name":"purchaseItem","line":79,"loc":{"start":{"line":79,"column":4},"end":{"line":99,"column":4}}},"6":{"name":"removeListing","line":101,"loc":{"start":{"line":101,"column":4},"end":{"line":106,"column":4}}},"7":{"name":"getTotalPrice","line":108,"loc":{"start":{"line":108,"column":4},"end":{"line":112,"column":4}}}},"statementMap":{"1":{"start":{"line":31,"column":8},"end":{"line":31,"column":963}},"2":{"start":{"line":39,"column":8},"end":{"line":39,"column":1178}},"3":{"start":{"line":53,"column":8},"end":{"line":53,"column":31}},"4":{"start":{"line":60,"column":8},"end":{"line":60,"column":59}},"5":{"start":{"line":61,"column":8},"end":{"line":61,"column":1743}},"6":{"start":{"line":76,"column":8},"end":{"line":76,"column":51}},"7":{"start":{"line":80,"column":8},"end":{"line":80,"column":42}},"8":{"start":{"line":81,"column":8},"end":{"line":81,"column":49}},"9":{"start":{"line":82,"column":8},"end":{"line":82,"column":76}},"10":{"start":{"line":84,"column":8},"end":{"line":84,"column":48}},"11":{"start":{"line":85,"column":8},"end":{"line":85,"column":2473}},"12":{"start":{"line":92,"column":8},"end":{"line":92,"column":61}},"13":{"start":{"line":94,"column":8},"end":{"line":94,"column":73}},"14":{"start":{"line":96,"column":8},"end":{"line":96,"column":62}},"15":{"start":{"line":98,"column":8},"end":{"line":98,"column":52}},"16":{"start":{"line":102,"column":8},"end":{"line":102,"column":76}},"17":{"start":{"line":103,"column":8},"end":{"line":103,"column":63}},"18":{"start":{"line":111,"column":8},"end":{"line":111,"column":66}}},"branchMap":{"1":{"line":31,"type":"if","locations":[{"start":{"line":31,"column":8},"end":{"line":31,"column":8}},{"start":{"line":31,"column":8},"end":{"line":31,"column":8}}]},"2":{"line":39,"type":"if","locations":[{"start":{"line":39,"column":8},"end":{"line":39,"column":8}},{"start":{"line":39,"column":8},"end":{"line":39,"column":8}}]},"3":{"line":59,"type":"if","locations":[{"start":{"line":59,"column":15},"end":{"line":59,"column":15}},{"start":{"line":59,"column":15},"end":{"line":59,"column":15}}]},"4":{"line":60,"type":"if","locations":[{"start":{"line":60,"column":8},"end":{"line":60,"column":8}},{"start":{"line":60,"column":8},"end":{"line":60,"column":8}}]},"5":{"line":61,"type":"if","locations":[{"start":{"line":61,"column":8},"end":{"line":61,"column":8}},{"start":{"line":61,"column":8},"end":{"line":61,"column":8}}]},"6":{"line":62,"type":"cond-expr","locations":[{"start":{"line":62,"column":12},"end":{"line":62,"column":53}},{"start":{"line":63,"column":16},"end":{"line":63,"column":62}}]},"7":{"line":81,"type":"if","locations":[{"start":{"line":81,"column":8},"end":{"line":81,"column":8}},{"start":{"line":81,"column":8},"end":{"line":81,"column":8}}]},"8":{"line":82,"type":"if","locations":[{"start":{"line":82,"column":8},"end":{"line":82,"column":8}},{"start":{"line":82,"column":8},"end":{"line":82,"column":8}}]},"9":{"line":85,"type":"if","locations":[{"start":{"line":85,"column":8},"end":{"line":85,"column":8}},{"start":{"line":85,"column":8},"end":{"line":85,"column":8}}]},"10":{"line":102,"type":"if","locations":[{"start":{"line":102,"column":8},"end":{"line":102,"column":8}},{"start":{"line":102,"column":8},"end":{"line":102,"column":8}}]},"11":{"line":103,"type":"if","locations":[{"start":{"line":103,"column":8},"end":{"line":103,"column":8}},{"start":{"line":103,"column":8},"end":{"line":103,"column":8}}]}}}}