{
"contracts/ERC721/MarcChagall.sol":{"l":{"13":3,"17":6,"18":6,"22":1,"27":18,"28":18},"path":"/home/mikich/NFT-Marketplace/contracts/ERC721/MarcChagall.sol","s":{"1":3,"2":6,"3":6,"4":1,"5":18,"6":18},"b":{"1":[6,1]},"f":{"1":3,"2":6,"3":1,"4":18},"fnMap":{"1":{"name":"constructor","line":12,"loc":{"start":{"line":12,"column":4},"end":{"line":14,"column":4}}},"2":{"name":"initialize","line":16,"loc":{"start":{"line":16,"column":4},"end":{"line":19,"column":4}}},"3":{"name":"_baseURI","line":21,"loc":{"start":{"line":21,"column":4},"end":{"line":24,"column":4}}},"4":{"name":"safeMint","line":26,"loc":{"start":{"line":26,"column":4},"end":{"line":29,"column":4}}}},"statementMap":{"1":{"start":{"line":13,"column":8},"end":{"line":13,"column":29}},"2":{"start":{"line":17,"column":8},"end":{"line":17,"column":42}},"3":{"start":{"line":18,"column":8},"end":{"line":18,"column":35}},"4":{"start":{"line":22,"column":8},"end":{"line":22,"column":911}},"5":{"start":{"line":27,"column":8},"end":{"line":27,"column":40}},"6":{"start":{"line":28,"column":8},"end":{"line":28,"column":29}}},"branchMap":{"1":{"line":16,"type":"if","locations":[{"start":{"line":16,"column":55},"end":{"line":16,"column":55}},{"start":{"line":16,"column":55},"end":{"line":16,"column":55}}]}}},
"contracts/Marketplace/IMarketplace.sol":{"l":{},"path":"/home/mikich/NFT-Marketplace/contracts/Marketplace/IMarketplace.sol","s":{},"b":{},"f":{},"fnMap":{},"statementMap":{},"branchMap":{}},
"contracts/Marketplace/Marketplace.sol":{"l":{"32":20,"36":18,"41":3,"49":10,"54":9,"55":9,"56":9,"57":9,"58":9,"64":17,"71":14,"72":13,"78":12,"80":12,"84":4,"85":4,"86":3,"88":2,"89":2,"94":1,"96":1,"98":1,"100":1,"102":1,"106":4,"107":3,"109":2,"115":6,"127":4,"128":3,"133":2,"136":2,"137":2,"138":2,"140":1,"141":1,"144":1,"146":1,"148":1,"150":1,"152":1,"156":0},"path":"/home/mikich/NFT-Marketplace/contracts/Marketplace/Marketplace.sol","s":{"1":20,"2":3,"3":10,"4":9,"5":17,"6":14,"7":13,"8":12,"9":4,"10":4,"11":3,"12":2,"13":2,"14":1,"15":1,"16":1,"17":1,"18":4,"19":3,"20":6,"21":4,"22":3,"23":2,"24":2,"25":2,"26":2,"27":1,"28":1,"29":1,"30":1,"31":1,"32":1,"33":0},"b":{"1":[18,2],"2":[10,1],"3":[9,1],"4":[14,1],"5":[13,1],"6":[12,1],"7":[1,11],"8":[3,1],"9":[2,1],"10":[1,1],"11":[3,1],"12":[2,1],"13":[4,1],"14":[3,1],"15":[2,1],"16":[1,1],"17":[1,0]},"f":{"1":20,"2":3,"3":10,"4":17,"5":14,"6":4,"7":4,"8":6,"9":4,"10":0},"fnMap":{"1":{"name":"onlyNftOwner","line":31,"loc":{"start":{"line":31,"column":4},"end":{"line":37,"column":4}}},"2":{"name":"constructor","line":40,"loc":{"start":{"line":40,"column":4},"end":{"line":42,"column":4}}},"3":{"name":"initialize","line":48,"loc":{"start":{"line":44,"column":4},"end":{"line":59,"column":4}}},"4":{"name":"mint","line":63,"loc":{"start":{"line":63,"column":4},"end":{"line":65,"column":4}}},"5":{"name":"listItem","line":70,"loc":{"start":{"line":67,"column":4},"end":{"line":81,"column":4}}},"6":{"name":"purchaseItem","line":83,"loc":{"start":{"line":83,"column":4},"end":{"line":103,"column":4}}},"7":{"name":"removeListing","line":105,"loc":{"start":{"line":105,"column":4},"end":{"line":110,"column":4}}},"8":{"name":"getTotalPrice","line":112,"loc":{"start":{"line":112,"column":4},"end":{"line":116,"column":4}}},"9":{"name":"acceptBid","line":126,"loc":{"start":{"line":118,"column":4},"end":{"line":153,"column":4}}},"10":{"name":"DOMAIN_SEPARATOR","line":155,"loc":{"start":{"line":155,"column":4},"end":{"line":157,"column":4}}}},"statementMap":{"1":{"start":{"line":32,"column":8},"end":{"line":32,"column":1303}},"2":{"start":{"line":41,"column":8},"end":{"line":41,"column":29}},"3":{"start":{"line":49,"column":8},"end":{"line":49,"column":1689}},"4":{"start":{"line":58,"column":8},"end":{"line":58,"column":40}},"5":{"start":{"line":64,"column":8},"end":{"line":64,"column":31}},"6":{"start":{"line":71,"column":8},"end":{"line":71,"column":60}},"7":{"start":{"line":72,"column":8},"end":{"line":72,"column":2299}},"8":{"start":{"line":80,"column":8},"end":{"line":80,"column":50}},"9":{"start":{"line":84,"column":8},"end":{"line":84,"column":43}},"10":{"start":{"line":85,"column":8},"end":{"line":85,"column":49}},"11":{"start":{"line":86,"column":8},"end":{"line":86,"column":76}},"12":{"start":{"line":88,"column":8},"end":{"line":88,"column":54}},"13":{"start":{"line":89,"column":8},"end":{"line":89,"column":2923}},"14":{"start":{"line":96,"column":8},"end":{"line":96,"column":65}},"15":{"start":{"line":98,"column":8},"end":{"line":98,"column":78}},"16":{"start":{"line":100,"column":8},"end":{"line":100,"column":62}},"17":{"start":{"line":102,"column":8},"end":{"line":102,"column":53}},"18":{"start":{"line":106,"column":8},"end":{"line":106,"column":76}},"19":{"start":{"line":107,"column":8},"end":{"line":107,"column":63}},"20":{"start":{"line":115,"column":8},"end":{"line":115,"column":52}},"21":{"start":{"line":127,"column":8},"end":{"line":127,"column":72}},"22":{"start":{"line":128,"column":8},"end":{"line":128,"column":4073}},"23":{"start":{"line":133,"column":8},"end":{"line":133,"column":4229}},"24":{"start":{"line":136,"column":8},"end":{"line":136,"column":47}},"25":{"start":{"line":137,"column":8},"end":{"line":137,"column":55}},"26":{"start":{"line":138,"column":8},"end":{"line":138,"column":52}},"27":{"start":{"line":140,"column":8},"end":{"line":140,"column":4506}},"28":{"start":{"line":144,"column":8},"end":{"line":144,"column":50}},"29":{"start":{"line":146,"column":8},"end":{"line":146,"column":54}},"30":{"start":{"line":148,"column":8},"end":{"line":148,"column":53}},"31":{"start":{"line":150,"column":8},"end":{"line":150,"column":55}},"32":{"start":{"line":152,"column":8},"end":{"line":152,"column":59}},"33":{"start":{"line":156,"column":8},"end":{"line":156,"column":35}}},"branchMap":{"1":{"line":32,"type":"if","locations":[{"start":{"line":32,"column":8},"end":{"line":32,"column":8}},{"start":{"line":32,"column":8},"end":{"line":32,"column":8}}]},"2":{"line":48,"type":"if","locations":[{"start":{"line":48,"column":15},"end":{"line":48,"column":15}},{"start":{"line":48,"column":15},"end":{"line":48,"column":15}}]},"3":{"line":49,"type":"if","locations":[{"start":{"line":49,"column":8},"end":{"line":49,"column":8}},{"start":{"line":49,"column":8},"end":{"line":49,"column":8}}]},"4":{"line":70,"type":"if","locations":[{"start":{"line":70,"column":15},"end":{"line":70,"column":15}},{"start":{"line":70,"column":15},"end":{"line":70,"column":15}}]},"5":{"line":71,"type":"if","locations":[{"start":{"line":71,"column":8},"end":{"line":71,"column":8}},{"start":{"line":71,"column":8},"end":{"line":71,"column":8}}]},"6":{"line":72,"type":"if","locations":[{"start":{"line":72,"column":8},"end":{"line":72,"column":8}},{"start":{"line":72,"column":8},"end":{"line":72,"column":8}}]},"7":{"line":73,"type":"cond-expr","locations":[{"start":{"line":73,"column":12},"end":{"line":73,"column":53}},{"start":{"line":74,"column":16},"end":{"line":74,"column":62}}]},"8":{"line":85,"type":"if","locations":[{"start":{"line":85,"column":8},"end":{"line":85,"column":8}},{"start":{"line":85,"column":8},"end":{"line":85,"column":8}}]},"9":{"line":86,"type":"if","locations":[{"start":{"line":86,"column":8},"end":{"line":86,"column":8}},{"start":{"line":86,"column":8},"end":{"line":86,"column":8}}]},"10":{"line":89,"type":"if","locations":[{"start":{"line":89,"column":8},"end":{"line":89,"column":8}},{"start":{"line":89,"column":8},"end":{"line":89,"column":8}}]},"11":{"line":106,"type":"if","locations":[{"start":{"line":106,"column":8},"end":{"line":106,"column":8}},{"start":{"line":106,"column":8},"end":{"line":106,"column":8}}]},"12":{"line":107,"type":"if","locations":[{"start":{"line":107,"column":8},"end":{"line":107,"column":8}},{"start":{"line":107,"column":8},"end":{"line":107,"column":8}}]},"13":{"line":126,"type":"if","locations":[{"start":{"line":126,"column":15},"end":{"line":126,"column":15}},{"start":{"line":126,"column":15},"end":{"line":126,"column":15}}]},"14":{"line":127,"type":"if","locations":[{"start":{"line":127,"column":8},"end":{"line":127,"column":8}},{"start":{"line":127,"column":8},"end":{"line":127,"column":8}}]},"15":{"line":128,"type":"if","locations":[{"start":{"line":128,"column":8},"end":{"line":128,"column":8}},{"start":{"line":128,"column":8},"end":{"line":128,"column":8}}]},"16":{"line":138,"type":"if","locations":[{"start":{"line":138,"column":8},"end":{"line":138,"column":8}},{"start":{"line":138,"column":8},"end":{"line":138,"column":8}}]},"17":{"line":140,"type":"if","locations":[{"start":{"line":140,"column":8},"end":{"line":140,"column":8}},{"start":{"line":140,"column":8},"end":{"line":140,"column":8}}]}}}}
