{
"contracts/ERC721/MarcChagall.sol":{"l":{"13":3,"17":6,"18":6,"22":1,"27":23,"28":23},"path":"/home/user/projects/NFTMarketplace/contracts/ERC721/MarcChagall.sol","s":{"1":3,"2":6,"3":6,"4":1,"5":23,"6":23},"b":{"1":[6,1]},"f":{"1":3,"2":6,"3":1,"4":23},"fnMap":{"1":{"name":"constructor","line":12,"loc":{"start":{"line":12,"column":4},"end":{"line":14,"column":4}}},"2":{"name":"initialize","line":16,"loc":{"start":{"line":16,"column":4},"end":{"line":19,"column":4}}},"3":{"name":"_baseURI","line":21,"loc":{"start":{"line":21,"column":4},"end":{"line":24,"column":4}}},"4":{"name":"safeMint","line":26,"loc":{"start":{"line":26,"column":4},"end":{"line":29,"column":4}}}},"statementMap":{"1":{"start":{"line":13,"column":8},"end":{"line":13,"column":29}},"2":{"start":{"line":17,"column":8},"end":{"line":17,"column":42}},"3":{"start":{"line":18,"column":8},"end":{"line":18,"column":35}},"4":{"start":{"line":22,"column":8},"end":{"line":22,"column":911}},"5":{"start":{"line":27,"column":8},"end":{"line":27,"column":40}},"6":{"start":{"line":28,"column":8},"end":{"line":28,"column":29}}},"branchMap":{"1":{"line":16,"type":"if","locations":[{"start":{"line":16,"column":55},"end":{"line":16,"column":55}},{"start":{"line":16,"column":55},"end":{"line":16,"column":55}}]}}},
"contracts/Marketplace/IMarketplace.sol":{"l":{},"path":"/home/user/projects/NFTMarketplace/contracts/Marketplace/IMarketplace.sol","s":{},"b":{},"f":{},"fnMap":{},"statementMap":{},"branchMap":{}},
"contracts/Marketplace/Marketplace.sol":{"l":{"25":16,"29":14,"34":3,"42":10,"47":9,"48":9,"49":9,"50":9,"56":22,"63":11,"64":10,"70":9,"72":9,"76":4,"77":4,"78":3,"80":2,"81":2,"86":1,"88":1,"90":1,"92":1,"94":1,"98":4,"99":3,"101":2,"107":11,"126":10,"130":9,"131":8,"136":7,"137":7,"138":7,"147":3,"149":2,"150":1,"153":2,"155":2,"156":2,"158":2,"160":2,"164":2,"168":1,"172":2},"path":"/home/user/projects/NFTMarketplace/contracts/Marketplace/Marketplace.sol","s":{"1":16,"2":3,"3":10,"4":22,"5":11,"6":10,"7":9,"8":4,"9":4,"10":3,"11":2,"12":2,"13":1,"14":1,"15":1,"16":1,"17":4,"18":3,"19":11,"20":10,"21":9,"22":8,"23":7,"24":7,"25":7,"26":3,"27":2,"28":2,"29":2,"30":2,"31":2,"32":2,"33":2},"b":{"1":[14,2],"2":[10,1],"3":[9,1],"4":[11,1],"5":[10,1],"6":[9,1],"7":[1,8],"8":[3,1],"9":[2,1],"10":[1,1],"11":[3,1],"12":[2,1],"13":[9,1],"14":[8,1],"15":[7,1],"16":[3,1],"17":[1,1],"18":[1,1]},"f":{"1":16,"2":3,"3":10,"4":22,"5":11,"6":4,"7":4,"8":11,"9":10,"10":3,"11":2,"12":2},"fnMap":{"1":{"name":"onlyNftOwner","line":24,"loc":{"start":{"line":24,"column":4},"end":{"line":30,"column":4}}},"2":{"name":"constructor","line":33,"loc":{"start":{"line":33,"column":4},"end":{"line":35,"column":4}}},"3":{"name":"initialize","line":41,"loc":{"start":{"line":37,"column":4},"end":{"line":51,"column":4}}},"4":{"name":"mint","line":55,"loc":{"start":{"line":55,"column":4},"end":{"line":57,"column":4}}},"5":{"name":"listItem","line":62,"loc":{"start":{"line":59,"column":4},"end":{"line":73,"column":4}}},"6":{"name":"purchaseItem","line":75,"loc":{"start":{"line":75,"column":4},"end":{"line":95,"column":4}}},"7":{"name":"removeListing","line":97,"loc":{"start":{"line":97,"column":4},"end":{"line":102,"column":4}}},"8":{"name":"getTotalPrice","line":104,"loc":{"start":{"line":104,"column":4},"end":{"line":108,"column":4}}},"9":{"name":"createBid","line":125,"loc":{"start":{"line":125,"column":4},"end":{"line":141,"column":4}}},"10":{"name":"acceptBid","line":146,"loc":{"start":{"line":143,"column":4},"end":{"line":161,"column":4}}},"11":{"name":"cancelBid","line":163,"loc":{"start":{"line":163,"column":4},"end":{"line":169,"column":4}}},"12":{"name":"getBids","line":171,"loc":{"start":{"line":171,"column":4},"end":{"line":173,"column":4}}}},"statementMap":{"1":{"start":{"line":25,"column":8},"end":{"line":25,"column":923}},"2":{"start":{"line":34,"column":8},"end":{"line":34,"column":29}},"3":{"start":{"line":42,"column":8},"end":{"line":42,"column":1307}},"4":{"start":{"line":56,"column":8},"end":{"line":56,"column":31}},"5":{"start":{"line":63,"column":8},"end":{"line":63,"column":60}},"6":{"start":{"line":64,"column":8},"end":{"line":64,"column":1874}},"7":{"start":{"line":72,"column":8},"end":{"line":72,"column":51}},"8":{"start":{"line":76,"column":8},"end":{"line":76,"column":43}},"9":{"start":{"line":77,"column":8},"end":{"line":77,"column":49}},"10":{"start":{"line":78,"column":8},"end":{"line":78,"column":76}},"11":{"start":{"line":80,"column":8},"end":{"line":80,"column":54}},"12":{"start":{"line":81,"column":8},"end":{"line":81,"column":2499}},"13":{"start":{"line":88,"column":8},"end":{"line":88,"column":65}},"14":{"start":{"line":90,"column":8},"end":{"line":90,"column":78}},"15":{"start":{"line":92,"column":8},"end":{"line":92,"column":62}},"16":{"start":{"line":94,"column":8},"end":{"line":94,"column":53}},"17":{"start":{"line":98,"column":8},"end":{"line":98,"column":76}},"18":{"start":{"line":99,"column":8},"end":{"line":99,"column":63}},"19":{"start":{"line":107,"column":8},"end":{"line":107,"column":52}},"20":{"start":{"line":126,"column":8},"end":{"line":126,"column":3849}},"21":{"start":{"line":130,"column":8},"end":{"line":130,"column":60}},"22":{"start":{"line":131,"column":8},"end":{"line":131,"column":4036}},"23":{"start":{"line":136,"column":8},"end":{"line":136,"column":50}},"24":{"start":{"line":137,"column":8},"end":{"line":137,"column":63}},"25":{"start":{"line":138,"column":8},"end":{"line":138,"column":51}},"26":{"start":{"line":147,"column":8},"end":{"line":147,"column":50}},"27":{"start":{"line":149,"column":8},"end":{"line":149,"column":4543}},"28":{"start":{"line":153,"column":8},"end":{"line":153,"column":47}},"29":{"start":{"line":155,"column":8},"end":{"line":155,"column":55}},"30":{"start":{"line":156,"column":8},"end":{"line":156,"column":42}},"31":{"start":{"line":158,"column":8},"end":{"line":158,"column":60}},"32":{"start":{"line":164,"column":8},"end":{"line":164,"column":4972}},"33":{"start":{"line":172,"column":8},"end":{"line":172,"column":29}}},"branchMap":{"1":{"line":25,"type":"if","locations":[{"start":{"line":25,"column":8},"end":{"line":25,"column":8}},{"start":{"line":25,"column":8},"end":{"line":25,"column":8}}]},"2":{"line":41,"type":"if","locations":[{"start":{"line":41,"column":13},"end":{"line":41,"column":13}},{"start":{"line":41,"column":13},"end":{"line":41,"column":13}}]},"3":{"line":42,"type":"if","locations":[{"start":{"line":42,"column":8},"end":{"line":42,"column":8}},{"start":{"line":42,"column":8},"end":{"line":42,"column":8}}]},"4":{"line":62,"type":"if","locations":[{"start":{"line":62,"column":15},"end":{"line":62,"column":15}},{"start":{"line":62,"column":15},"end":{"line":62,"column":15}}]},"5":{"line":63,"type":"if","locations":[{"start":{"line":63,"column":8},"end":{"line":63,"column":8}},{"start":{"line":63,"column":8},"end":{"line":63,"column":8}}]},"6":{"line":64,"type":"if","locations":[{"start":{"line":64,"column":8},"end":{"line":64,"column":8}},{"start":{"line":64,"column":8},"end":{"line":64,"column":8}}]},"7":{"line":65,"type":"cond-expr","locations":[{"start":{"line":65,"column":12},"end":{"line":65,"column":53}},{"start":{"line":66,"column":16},"end":{"line":66,"column":62}}]},"8":{"line":77,"type":"if","locations":[{"start":{"line":77,"column":8},"end":{"line":77,"column":8}},{"start":{"line":77,"column":8},"end":{"line":77,"column":8}}]},"9":{"line":78,"type":"if","locations":[{"start":{"line":78,"column":8},"end":{"line":78,"column":8}},{"start":{"line":78,"column":8},"end":{"line":78,"column":8}}]},"10":{"line":81,"type":"if","locations":[{"start":{"line":81,"column":8},"end":{"line":81,"column":8}},{"start":{"line":81,"column":8},"end":{"line":81,"column":8}}]},"11":{"line":98,"type":"if","locations":[{"start":{"line":98,"column":8},"end":{"line":98,"column":8}},{"start":{"line":98,"column":8},"end":{"line":98,"column":8}}]},"12":{"line":99,"type":"if","locations":[{"start":{"line":99,"column":8},"end":{"line":99,"column":8}},{"start":{"line":99,"column":8},"end":{"line":99,"column":8}}]},"13":{"line":126,"type":"if","locations":[{"start":{"line":126,"column":8},"end":{"line":126,"column":8}},{"start":{"line":126,"column":8},"end":{"line":126,"column":8}}]},"14":{"line":130,"type":"if","locations":[{"start":{"line":130,"column":8},"end":{"line":130,"column":8}},{"start":{"line":130,"column":8},"end":{"line":130,"column":8}}]},"15":{"line":131,"type":"if","locations":[{"start":{"line":131,"column":8},"end":{"line":131,"column":8}},{"start":{"line":131,"column":8},"end":{"line":131,"column":8}}]},"16":{"line":146,"type":"if","locations":[{"start":{"line":146,"column":15},"end":{"line":146,"column":15}},{"start":{"line":146,"column":15},"end":{"line":146,"column":15}}]},"17":{"line":149,"type":"if","locations":[{"start":{"line":149,"column":8},"end":{"line":149,"column":8}},{"start":{"line":149,"column":8},"end":{"line":149,"column":8}}]},"18":{"line":164,"type":"if","locations":[{"start":{"line":164,"column":8},"end":{"line":164,"column":8}},{"start":{"line":164,"column":8},"end":{"line":164,"column":8}}]}}}}
