TN:
SF:/home/mikich/NFTMarketplace/contracts/ERC721/MarcChagall.sol
FN:12,constructor
FN:16,initialize
FN:21,_baseURI
FN:26,safeMint
FNF:4
FNH:4
FNDA:3,constructor
FNDA:6,initialize
FNDA:1,_baseURI
FNDA:24,safeMint
DA:13,3
DA:17,6
DA:18,6
DA:22,1
DA:27,24
DA:28,24
LF:6
LH:6
BRDA:16,1,0,6
BRDA:16,1,1,1
BRF:2
BRH:2
end_of_record
TN:
SF:/home/mikich/NFTMarketplace/contracts/Marketplace/IMarketplace.sol
FNF:0
FNH:0
LF:0
LH:0
BRF:0
BRH:0
end_of_record
TN:
SF:/home/mikich/NFTMarketplace/contracts/Marketplace/Marketplace.sol
FN:21,onlyNftOwner
FN:30,constructor
FN:38,initialize
FN:52,mint
FN:59,listItem
FN:72,purchaseItem
FN:94,removeListing
FN:101,getTotalPrice
FN:108,createBid
FN:133,acceptBid
FN:154,cancelBid
FN:162,getBids
FNF:12
FNH:12
FNDA:16,onlyNftOwner
FNDA:3,constructor
FNDA:10,initialize
FNDA:23,mint
FNDA:11,listItem
FNDA:4,purchaseItem
FNDA:4,removeListing
FNDA:12,getTotalPrice
FNDA:11,createBid
FNDA:3,acceptBid
FNDA:2,cancelBid
FNDA:2,getBids
DA:22,16
DA:26,14
DA:31,3
DA:39,10
DA:44,9
DA:45,9
DA:46,9
DA:47,9
DA:53,23
DA:60,11
DA:61,10
DA:67,9
DA:69,9
DA:73,4
DA:74,4
DA:75,3
DA:77,2
DA:78,2
DA:83,1
DA:85,1
DA:87,1
DA:89,1
DA:91,1
DA:95,4
DA:96,3
DA:98,2
DA:104,12
DA:109,11
DA:113,10
DA:114,9
DA:119,8
DA:120,8
DA:125,7
DA:126,7
DA:127,7
DA:134,3
DA:136,2
DA:137,1
DA:140,2
DA:141,2
DA:142,2
DA:144,2
DA:146,2
DA:148,2
DA:150,2
DA:151,2
DA:155,2
DA:156,2
DA:158,1
DA:159,1
DA:163,2
LF:51
LH:51
BRDA:22,1,0,14
BRDA:22,1,1,2
BRDA:38,2,0,10
BRDA:38,2,1,1
BRDA:39,3,0,9
BRDA:39,3,1,1
BRDA:59,4,0,11
BRDA:59,4,1,1
BRDA:60,5,0,10
BRDA:60,5,1,1
BRDA:61,6,0,9
BRDA:61,6,1,1
BRDA:62,7,0,1
BRDA:62,7,1,8
BRDA:74,8,0,3
BRDA:74,8,1,1
BRDA:75,9,0,2
BRDA:75,9,1,1
BRDA:78,10,0,1
BRDA:78,10,1,1
BRDA:95,11,0,3
BRDA:95,11,1,1
BRDA:96,12,0,2
BRDA:96,12,1,1
BRDA:109,13,0,10
BRDA:109,13,1,1
BRDA:113,14,0,9
BRDA:113,14,1,1
BRDA:114,15,0,8
BRDA:114,15,1,1
BRDA:120,16,0,7
BRDA:120,16,1,1
BRDA:133,17,0,3
BRDA:133,17,1,1
BRDA:136,18,0,1
BRDA:136,18,1,1
BRDA:156,19,0,1
BRDA:156,19,1,1
BRF:38
BRH:38
end_of_record
